<?xml version="1.0" encoding="UTF-8"?>
<coverage generated="1730570773346" clover="3.2.0">
  <project timestamp="1730570773346" name="All files">
    <metrics statements="25" coveredstatements="24" conditionals="6" coveredconditionals="4" methods="7" coveredmethods="6" elements="38" coveredelements="34" complexity="0" loc="25" ncloc="25" packages="1" files="1" classes="1"/>
    <file name="LogForm.jsx" path="C:\Users\bruce\Documents\Coding\sustainability-tracker-app\src\components\LogForm.jsx">
      <metrics statements="25" coveredstatements="24" conditionals="6" coveredconditionals="4" methods="7" coveredmethods="6"/>
      <line num="4" count="1" type="stmt"/>
      <line num="12" count="1" type="stmt"/>
      <line num="13" count="4" type="stmt"/>
      <line num="14" count="4" type="stmt"/>
      <line num="15" count="4" type="stmt"/>
      <line num="17" count="4" type="stmt"/>
      <line num="18" count="4" type="stmt"/>
      <line num="19" count="4" type="stmt"/>
      <line num="20" count="4" type="stmt"/>
      <line num="21" count="4" type="stmt"/>
      <line num="22" count="4" type="stmt"/>
      <line num="25" count="4" type="stmt"/>
      <line num="26" count="1" type="stmt"/>
      <line num="29" count="4" type="stmt"/>
      <line num="31" count="1" type="cond" truecount="1" falsecount="1"/>
      <line num="32" count="0" type="stmt"/>
      <line num="34" count="1" type="stmt"/>
      <line num="38" count="1" type="stmt"/>
      <line num="39" count="1" type="stmt"/>
      <line num="40" count="1" type="cond" truecount="1" falsecount="1"/>
      <line num="41" count="1" type="stmt"/>
      <line num="42" count="1" type="stmt"/>
      <line num="46" count="4" type="stmt"/>
      <line num="75" count="1" type="stmt"/>
      <line num="83" count="20" type="stmt"/>
    </file>
  </project>
</coverage>
