{"C:\\Users\\bruce\\Documents\\Coding\\sustainability-tracker-app\\src\\components\\LogForm.jsx": {"path":"C:\\Users\\bruce\\Documents\\Coding\\sustainability-tracker-app\\src\\components\\LogForm.jsx","statementMap":{"0":{"start":{"line":4,"column":16},"end":{"line":10,"column":1}},"1":{"start":{"line":12,"column":16},"end":{"line":100,"column":1}},"2":{"start":{"line":13,"column":30},"end":{"line":13,"column":42}},"3":{"start":{"line":14,"column":42},"end":{"line":14,"column":57}},"4":{"start":{"line":15,"column":20},"end":{"line":15,"column":32}},"5":{"start":{"line":17,"column":25},"end":{"line":23,"column":3}},"6":{"start":{"line":18,"column":17},"end":{"line":18,"column":27}},"7":{"start":{"line":19,"column":17},"end":{"line":19,"column":35}},"8":{"start":{"line":20,"column":18},"end":{"line":20,"column":62}},"9":{"start":{"line":21,"column":16},"end":{"line":21,"column":55}},"10":{"start":{"line":22,"column":4},"end":{"line":22,"column":37}},"11":{"start":{"line":25,"column":20},"end":{"line":27,"column":3}},"12":{"start":{"line":26,"column":4},"end":{"line":26,"column":18}},"13":{"start":{"line":29,"column":21},"end":{"line":44,"column":3}},"14":{"start":{"line":31,"column":4},"end":{"line":33,"column":5}},"15":{"start":{"line":32,"column":6},"end":{"line":32,"column":13}},"16":{"start":{"line":34,"column":25},"end":{"line":37,"column":5}},"17":{"start":{"line":38,"column":4},"end":{"line":38,"column":16}},"18":{"start":{"line":39,"column":4},"end":{"line":39,"column":30}},"19":{"start":{"line":40,"column":4},"end":{"line":43,"column":5}},"20":{"start":{"line":41,"column":6},"end":{"line":41,"column":28}},"21":{"start":{"line":42,"column":6},"end":{"line":42,"column":53}},"22":{"start":{"line":42,"column":23},"end":{"line":42,"column":45}},"23":{"start":{"line":46,"column":2},"end":{"line":99,"column":4}},"24":{"start":{"line":75,"column":10},"end":{"line":75,"column":36}},"25":{"start":{"line":83,"column":10},"end":{"line":85,"column":19}}},"fnMap":{"0":{"name":"(anonymous_0)","decl":{"start":{"line":12,"column":16},"end":{"line":12,"column":17}},"loc":{"start":{"line":12,"column":22},"end":{"line":100,"column":1}},"line":12},"1":{"name":"(anonymous_1)","decl":{"start":{"line":17,"column":25},"end":{"line":17,"column":26}},"loc":{"start":{"line":17,"column":31},"end":{"line":23,"column":3}},"line":17},"2":{"name":"(anonymous_2)","decl":{"start":{"line":25,"column":20},"end":{"line":25,"column":21}},"loc":{"start":{"line":25,"column":26},"end":{"line":27,"column":3}},"line":25},"3":{"name":"(anonymous_3)","decl":{"start":{"line":29,"column":21},"end":{"line":29,"column":22}},"loc":{"start":{"line":29,"column":27},"end":{"line":44,"column":3}},"line":29},"4":{"name":"(anonymous_4)","decl":{"start":{"line":42,"column":17},"end":{"line":42,"column":18}},"loc":{"start":{"line":42,"column":23},"end":{"line":42,"column":45}},"line":42},"5":{"name":"(anonymous_5)","decl":{"start":{"line":74,"column":18},"end":{"line":74,"column":19}},"loc":{"start":{"line":74,"column":25},"end":{"line":76,"column":9}},"line":74},"6":{"name":"(anonymous_6)","decl":{"start":{"line":82,"column":21},"end":{"line":82,"column":22}},"loc":{"start":{"line":83,"column":10},"end":{"line":85,"column":19}},"line":83}},"branchMap":{"0":{"loc":{"start":{"line":31,"column":4},"end":{"line":33,"column":5}},"type":"if","locations":[{"start":{"line":31,"column":4},"end":{"line":33,"column":5}},{"start":{},"end":{}}],"line":31},"1":{"loc":{"start":{"line":40,"column":4},"end":{"line":43,"column":5}},"type":"if","locations":[{"start":{"line":40,"column":4},"end":{"line":43,"column":5}},{"start":{},"end":{}}],"line":40},"2":{"loc":{"start":{"line":48,"column":7},"end":{"line":64,"column":7}},"type":"binary-expr","locations":[{"start":{"line":48,"column":7},"end":{"line":48,"column":19}},{"start":{"line":49,"column":8},"end":{"line":63,"column":10}}],"line":48}},"s":{"0":1,"1":1,"2":4,"3":4,"4":4,"5":4,"6":4,"7":4,"8":4,"9":4,"10":4,"11":4,"12":1,"13":4,"14":1,"15":0,"16":1,"17":1,"18":1,"19":1,"20":1,"21":1,"22":0,"23":4,"24":1,"25":20},"f":{"0":4,"1":4,"2":1,"3":1,"4":0,"5":1,"6":20},"b":{"0":[0,1],"1":[1,0],"2":[4,1]},"_coverageSchema":"1a1c01bbd47fc00a2c39e90264f33305004495a9","hash":"c7bb538d5ed019d8d2eb843025e49009489ac5e9"}
}
