TN:
SF:src\assets\index.js
FNF:0
FNH:0
LF:0
LH:0
BRF:0
BRH:0
end_of_record
TN:
SF:src\components\LogForm.jsx
FN:12,(anonymous_0)
FN:17,(anonymous_1)
FN:25,(anonymous_2)
FN:29,(anonymous_3)
FN:42,(anonymous_4)
FN:74,(anonymous_5)
FN:82,(anonymous_6)
FNF:7
FNH:6
FNDA:4,(anonymous_0)
FNDA:4,(anonymous_1)
FNDA:1,(anonymous_2)
FNDA:1,(anonymous_3)
FNDA:0,(anonymous_4)
FNDA:1,(anonymous_5)
FNDA:20,(anonymous_6)
DA:4,1
DA:12,1
DA:13,4
DA:14,4
DA:15,4
DA:17,4
DA:18,4
DA:19,4
DA:20,4
DA:21,4
DA:22,4
DA:25,4
DA:26,1
DA:29,4
DA:31,1
DA:32,0
DA:34,1
DA:38,1
DA:39,1
DA:40,1
DA:41,1
DA:42,1
DA:46,4
DA:75,1
DA:83,20
LF:25
LH:24
BRDA:31,0,0,0
BRDA:31,0,1,1
BRDA:40,1,0,1
BRDA:40,1,1,0
BRDA:48,2,0,4
BRDA:48,2,1,1
BRF:6
BRH:4
end_of_record
TN:
SF:src\pages\Profile.jsx
FN:4,(anonymous_0)
FN:29,(anonymous_1)
FNF:2
FNH:1
FNDA:0,(anonymous_0)
FNDA:2,(anonymous_1)
DA:4,1
DA:5,0
DA:9,0
DA:29,1
DA:30,2
LF:5
LH:3
BRF:0
BRH:0
end_of_record
